[ 2016-03-04T21:22:48+08:00 ] ::1 /gd222/
INFO: [ app_init ] --START--
INFO: Run Behavior\BuildLiteBehavior [ RunTime:0.000000s ]
INFO: [ app_init ] --END-- [ RunTime:0.014001s ]
INFO: [ app_begin ] --START--
INFO: Run Behavior\ReadHtmlCacheBehavior [ RunTime:0.027002s ]
INFO: [ app_begin ] --END-- [ RunTime:0.027002s ]
SQL: SHOW COLUMNS FROM `gd_nav` [ RunTime:0.5300s ]
SQL: SELECT * FROM `gd_nav`  [ RunTime:0.0000s ]
SQL: SHOW COLUMNS FROM `gd_company` [ RunTime:0.2990s ]
SQL: SELECT `title`,`keywords`,`description`,`copy`,`beian` FROM `gd_company` LIMIT 1   [ RunTime:0.0000s ]
SQL: SHOW COLUMNS FROM `gd_func` [ RunTime:0.0520s ]
SQL: SELECT * FROM `gd_func`  [ RunTime:0.0010s ]
INFO: [ view_parse ] --START--
INFO: [ template_filter ] --START--
INFO: Run Behavior\ContentReplaceBehavior [ RunTime:0.027002s ]
INFO: [ template_filter ] --END-- [ RunTime:0.027002s ]
INFO: Run Behavior\ParseTemplateBehavior [ RunTime:0.215012s ]
INFO: [ view_parse ] --END-- [ RunTime:0.215012s ]
INFO: [ view_filter ] --START--
INFO: Run Behavior\WriteHtmlCacheBehavior [ RunTime:0.021002s ]
INFO: Run Behavior\TokenBuildBehavior [ RunTime:0.021001s ]
INFO: [ view_filter ] --END-- [ RunTime:0.042003s ]
INFO: [ app_end ] --START--
INFO: Run Behavior\ShowPageTraceBehavior [ RunTime:0.050003s ]
INFO: [ app_end ] --END-- [ RunTime:0.050003s ]

