[ 2016-03-21T12:58:45+08:00 ] ::1 /gd222/
INFO: [ app_init ] --START--
INFO: Run Behavior\BuildLiteBehavior [ RunTime:0.000000s ]
INFO: [ app_init ] --END-- [ RunTime:0.000000s ]
INFO: [ app_begin ] --START--
INFO: Run Behavior\ReadHtmlCacheBehavior [ RunTime:0.001000s ]
INFO: [ app_begin ] --END-- [ RunTime:0.001000s ]
ERR: SQLSTATE[HY000] [1049] Unknown database 'gd222'

[ 2016-03-21T12:59:20+08:00 ] ::1 /gd222/
INFO: [ app_init ] --START--
INFO: Run Behavior\BuildLiteBehavior [ RunTime:0.000000s ]
INFO: [ app_init ] --END-- [ RunTime:0.001000s ]
INFO: [ app_begin ] --START--
INFO: Run Behavior\ReadHtmlCacheBehavior [ RunTime:0.001000s ]
INFO: [ app_begin ] --END-- [ RunTime:0.001000s ]
ERR: 1146:Table 'gd222.gd_nav' doesn't exist
 [ SQL语句 ] : SHOW COLUMNS FROM `gd_nav`
ERR: 1146:Table 'gd222.gd_nav' doesn't exist
 [ SQL语句 ] : SHOW COLUMNS FROM `gd_nav`

[ 2016-03-21T12:59:20+08:00 ] ::1 /gd222/
INFO: [ app_init ] --START--
INFO: Run Behavior\BuildLiteBehavior [ RunTime:0.000000s ]
INFO: [ app_init ] --END-- [ RunTime:0.001000s ]
INFO: [ app_begin ] --START--
INFO: Run Behavior\ReadHtmlCacheBehavior [ RunTime:0.001000s ]
INFO: [ app_begin ] --END-- [ RunTime:0.001000s ]
ERR: 1146:Table 'gd222.gd_nav' doesn't exist
 [ SQL语句 ] : SHOW COLUMNS FROM `gd_nav`
ERR: 1146:Table 'gd222.gd_nav' doesn't exist
 [ SQL语句 ] : SHOW COLUMNS FROM `gd_nav`

[ 2016-03-21T12:59:41+08:00 ] ::1 /gd222/
INFO: [ app_init ] --START--
INFO: Run Behavior\BuildLiteBehavior [ RunTime:0.000000s ]
INFO: [ app_init ] --END-- [ RunTime:0.001000s ]
INFO: [ app_begin ] --START--
INFO: Run Behavior\ReadHtmlCacheBehavior [ RunTime:0.001000s ]
INFO: [ app_begin ] --END-- [ RunTime:0.002000s ]
SQL: SHOW COLUMNS FROM `gd_nav` [ RunTime:0.0030s ]
SQL: SELECT * FROM `gd_nav`  [ RunTime:0.0010s ]
SQL: SHOW COLUMNS FROM `gd_company` [ RunTime:0.0030s ]
SQL: SELECT `title`,`keywords`,`description`,`copy`,`beian` FROM `gd_company` LIMIT 1   [ RunTime:0.0000s ]
SQL: SHOW COLUMNS FROM `gd_func` [ RunTime:0.0020s ]
SQL: SELECT * FROM `gd_func`  [ RunTime:0.0000s ]
INFO: [ view_parse ] --START--
INFO: [ template_filter ] --START--
INFO: Run Behavior\ContentReplaceBehavior [ RunTime:0.000000s ]
INFO: [ template_filter ] --END-- [ RunTime:0.000000s ]
INFO: Run Behavior\ParseTemplateBehavior [ RunTime:0.012000s ]
INFO: [ view_parse ] --END-- [ RunTime:0.012000s ]
INFO: [ view_filter ] --START--
INFO: Run Behavior\WriteHtmlCacheBehavior [ RunTime:0.001001s ]
INFO: Run Behavior\TokenBuildBehavior [ RunTime:0.000000s ]
INFO: [ view_filter ] --END-- [ RunTime:0.001001s ]
INFO: [ app_end ] --START--
INFO: Run Behavior\ShowPageTraceBehavior [ RunTime:0.000000s ]
INFO: [ app_end ] --END-- [ RunTime:0.000000s ]

