[ 2016-03-21T12:59:45+08:00 ] ::1 /gd222/admin
INFO: [ app_init ] --START--
INFO: Run Behavior\BuildLiteBehavior [ RunTime:0.000000s ]
INFO: [ app_init ] --END-- [ RunTime:0.001000s ]
INFO: [ app_begin ] --START--
INFO: Run Behavior\ReadHtmlCacheBehavior [ RunTime:0.001000s ]
INFO: [ app_begin ] --END-- [ RunTime:0.001000s ]

[ 2016-03-21T12:59:45+08:00 ] ::1 /gd222/Admin/Login/index.html
INFO: [ app_init ] --START--
INFO: Run Behavior\BuildLiteBehavior [ RunTime:0.000000s ]
INFO: [ app_init ] --END-- [ RunTime:0.000000s ]
INFO: [ app_begin ] --START--
INFO: Run Behavior\ReadHtmlCacheBehavior [ RunTime:0.001000s ]
INFO: [ app_begin ] --END-- [ RunTime:0.001000s ]
INFO: [ view_parse ] --START--
INFO: [ template_filter ] --START--
INFO: Run Behavior\ContentReplaceBehavior [ RunTime:0.000000s ]
INFO: [ template_filter ] --END-- [ RunTime:0.000000s ]
INFO: Run Behavior\ParseTemplateBehavior [ RunTime:0.008001s ]
INFO: [ view_parse ] --END-- [ RunTime:0.008001s ]
INFO: [ view_filter ] --START--
INFO: Run Behavior\WriteHtmlCacheBehavior [ RunTime:0.001000s ]
INFO: Run Behavior\TokenBuildBehavior [ RunTime:0.001000s ]
INFO: [ view_filter ] --END-- [ RunTime:0.002000s ]
INFO: [ app_end ] --START--
INFO: Run Behavior\ShowPageTraceBehavior [ RunTime:0.000000s ]
INFO: [ app_end ] --END-- [ RunTime:0.000000s ]

[ 2016-03-21T12:59:45+08:00 ] ::1 /gd222/Admin/Verify/verify
INFO: [ app_init ] --START--
INFO: Run Behavior\BuildLiteBehavior [ RunTime:0.000000s ]
INFO: [ app_init ] --END-- [ RunTime:0.001000s ]
INFO: [ app_begin ] --START--
INFO: Run Behavior\ReadHtmlCacheBehavior [ RunTime:0.001000s ]
INFO: [ app_begin ] --END-- [ RunTime:0.002000s ]
INFO: [ app_end ] --START--
INFO: Run Behavior\ShowPageTraceBehavior [ RunTime:0.001000s ]
INFO: [ app_end ] --END-- [ RunTime:0.001000s ]

[ 2016-03-21T12:59:56+08:00 ] ::1 /gd222/Admin/Verify/verify?0.3407700772028084
INFO: [ app_init ] --START--
INFO: Run Behavior\BuildLiteBehavior [ RunTime:0.000000s ]
INFO: [ app_init ] --END-- [ RunTime:0.000000s ]
INFO: [ app_begin ] --START--
INFO: Run Behavior\ReadHtmlCacheBehavior [ RunTime:0.000000s ]
INFO: [ app_begin ] --END-- [ RunTime:0.000000s ]
INFO: [ app_end ] --START--
INFO: Run Behavior\ShowPageTraceBehavior [ RunTime:0.015600s ]
INFO: [ app_end ] --END-- [ RunTime:0.015600s ]

[ 2016-03-21T13:00:03+08:00 ] ::1 /gd222/Admin/Login/login
INFO: [ app_init ] --START--
INFO: Run Behavior\BuildLiteBehavior [ RunTime:0.000000s ]
INFO: [ app_init ] --END-- [ RunTime:0.000000s ]
INFO: [ app_begin ] --START--
INFO: Run Behavior\ReadHtmlCacheBehavior [ RunTime:0.001000s ]
INFO: [ app_begin ] --END-- [ RunTime:0.001000s ]
SQL: SHOW COLUMNS FROM `gd_user` [ RunTime:0.0020s ]
INFO: [ view_parse ] --START--
INFO: [ template_filter ] --START--
INFO: Run Behavior\ContentReplaceBehavior [ RunTime:0.000000s ]
INFO: [ template_filter ] --END-- [ RunTime:0.000000s ]
INFO: Run Behavior\ParseTemplateBehavior [ RunTime:0.009000s ]
INFO: [ view_parse ] --END-- [ RunTime:0.009000s ]
INFO: [ view_filter ] --START--
INFO: Run Behavior\WriteHtmlCacheBehavior [ RunTime:0.000000s ]
INFO: Run Behavior\TokenBuildBehavior [ RunTime:0.001000s ]
INFO: [ view_filter ] --END-- [ RunTime:0.001000s ]

[ 2016-03-21T13:00:13+08:00 ] ::1 /gd222/Admin/Verify/verify?0.6867278700115111
INFO: [ app_init ] --START--
INFO: Run Behavior\BuildLiteBehavior [ RunTime:0.000000s ]
INFO: [ app_init ] --END-- [ RunTime:0.001000s ]
INFO: [ app_begin ] --START--
INFO: Run Behavior\ReadHtmlCacheBehavior [ RunTime:0.001000s ]
INFO: [ app_begin ] --END-- [ RunTime:0.001000s ]
INFO: [ app_end ] --START--
INFO: Run Behavior\ShowPageTraceBehavior [ RunTime:0.001000s ]
INFO: [ app_end ] --END-- [ RunTime:0.001000s ]

[ 2016-03-21T13:00:14+08:00 ] ::1 /gd222/Admin/Verify/verify?0.6867278700115111?0.9966119182140027
INFO: [ app_init ] --START--
INFO: Run Behavior\BuildLiteBehavior [ RunTime:0.000000s ]
INFO: [ app_init ] --END-- [ RunTime:0.001000s ]
INFO: [ app_begin ] --START--
INFO: Run Behavior\ReadHtmlCacheBehavior [ RunTime:0.001001s ]
INFO: [ app_begin ] --END-- [ RunTime:0.001001s ]
INFO: [ app_end ] --START--
INFO: Run Behavior\ShowPageTraceBehavior [ RunTime:0.001000s ]
INFO: [ app_end ] --END-- [ RunTime:0.001000s ]

[ 2016-03-21T13:00:15+08:00 ] ::1 /gd222/Admin/Verify/verify?0.6867278700115111?0.9966119182140027?0.40383489653744187
INFO: [ app_init ] --START--
INFO: Run Behavior\BuildLiteBehavior [ RunTime:0.000000s ]
INFO: [ app_init ] --END-- [ RunTime:0.000000s ]
INFO: [ app_begin ] --START--
INFO: Run Behavior\ReadHtmlCacheBehavior [ RunTime:0.001000s ]
INFO: [ app_begin ] --END-- [ RunTime:0.001000s ]
INFO: [ app_end ] --START--
INFO: Run Behavior\ShowPageTraceBehavior [ RunTime:0.001000s ]
INFO: [ app_end ] --END-- [ RunTime:0.001000s ]

[ 2016-03-21T13:00:22+08:00 ] ::1 /gd222/Admin/Login/login
INFO: [ app_init ] --START--
INFO: Run Behavior\BuildLiteBehavior [ RunTime:0.000000s ]
INFO: [ app_init ] --END-- [ RunTime:0.000000s ]
INFO: [ app_begin ] --START--
INFO: Run Behavior\ReadHtmlCacheBehavior [ RunTime:0.002001s ]
INFO: [ app_begin ] --END-- [ RunTime:0.002001s ]
SQL: SHOW COLUMNS FROM `gd_user` [ RunTime:0.0020s ]
SQL: SELECT * FROM `gd_user` WHERE `name` = 'admin' AND `password` = '7e0a1da611b25ea6fe7c9848942ca4b1' LIMIT 1   [ RunTime:0.0000s ]
INFO: [ view_parse ] --START--
INFO: [ template_filter ] --START--
INFO: Run Behavior\ContentReplaceBehavior [ RunTime:0.000000s ]
INFO: [ template_filter ] --END-- [ RunTime:0.000000s ]
INFO: Run Behavior\ParseTemplateBehavior [ RunTime:0.008000s ]
INFO: [ view_parse ] --END-- [ RunTime:0.008000s ]
INFO: [ view_filter ] --START--
INFO: Run Behavior\WriteHtmlCacheBehavior [ RunTime:0.000000s ]
INFO: Run Behavior\TokenBuildBehavior [ RunTime:0.001000s ]
INFO: [ view_filter ] --END-- [ RunTime:0.002000s ]

[ 2016-03-21T13:01:54+08:00 ] ::1 /gd222/Admin/Verify/verify?0.7511192930979302
INFO: [ app_init ] --START--
INFO: Run Behavior\BuildLiteBehavior [ RunTime:0.000000s ]
INFO: [ app_init ] --END-- [ RunTime:0.000000s ]
INFO: [ app_begin ] --START--
INFO: Run Behavior\ReadHtmlCacheBehavior [ RunTime:0.001000s ]
INFO: [ app_begin ] --END-- [ RunTime:0.001000s ]
INFO: [ app_end ] --START--
INFO: Run Behavior\ShowPageTraceBehavior [ RunTime:0.000000s ]
INFO: [ app_end ] --END-- [ RunTime:0.001001s ]

[ 2016-03-21T13:01:59+08:00 ] ::1 /gd222/Admin/Login/login
INFO: [ app_init ] --START--
INFO: Run Behavior\BuildLiteBehavior [ RunTime:0.000000s ]
INFO: [ app_init ] --END-- [ RunTime:0.000000s ]
INFO: [ app_begin ] --START--
INFO: Run Behavior\ReadHtmlCacheBehavior [ RunTime:0.000000s ]
INFO: [ app_begin ] --END-- [ RunTime:0.000000s ]
SQL: SHOW COLUMNS FROM `gd_user` [ RunTime:0.0020s ]
SQL: SELECT * FROM `gd_user` WHERE `name` = 'admin' AND `password` = 'a6ec5a7b854d204b74cd90a8306a957e' LIMIT 1   [ RunTime:0.0000s ]
SQL: SHOW COLUMNS FROM `gd_user_log` [ RunTime:0.0020s ]
SQL: INSERT INTO `gd_user_log` (`ip`,`time`) VALUES ('0.0.0.0','1458536519') [ RunTime:0.0010s ]
INFO: [ view_parse ] --START--
INFO: [ template_filter ] --START--
INFO: Run Behavior\ContentReplaceBehavior [ RunTime:0.000000s ]
INFO: [ template_filter ] --END-- [ RunTime:0.000000s ]
INFO: Run Behavior\ParseTemplateBehavior [ RunTime:0.007001s ]
INFO: [ view_parse ] --END-- [ RunTime:0.007001s ]
INFO: [ view_filter ] --START--
INFO: Run Behavior\WriteHtmlCacheBehavior [ RunTime:0.001000s ]
INFO: Run Behavior\TokenBuildBehavior [ RunTime:0.000000s ]
INFO: [ view_filter ] --END-- [ RunTime:0.001000s ]
INFO: [ app_end ] --START--
INFO: Run Behavior\ShowPageTraceBehavior [ RunTime:0.001000s ]
INFO: [ app_end ] --END-- [ RunTime:0.001000s ]

[ 2016-03-21T13:02:00+08:00 ] ::1 /gd222/Admin/Index/index
INFO: [ app_init ] --START--
INFO: Run Behavior\BuildLiteBehavior [ RunTime:0.000000s ]
INFO: [ app_init ] --END-- [ RunTime:0.000000s ]
INFO: [ app_begin ] --START--
INFO: Run Behavior\ReadHtmlCacheBehavior [ RunTime:0.000000s ]
INFO: [ app_begin ] --END-- [ RunTime:0.000000s ]
SQL: SHOW COLUMNS FROM `gd_menu` [ RunTime:0.0030s ]
SQL: SELECT * FROM `gd_menu` WHERE `rid` = 0 ORDER BY sort asc  [ RunTime:0.0000s ]
SQL: SELECT * FROM `gd_menu` WHERE `rid` IN ('1','3','5','9','11','13','7')  [ RunTime:0.0000s ]

[ 2016-03-21T13:02:00+08:00 ] ::1 /gd222/Admin/Menu/index.html
INFO: [ app_init ] --START--
INFO: Run Behavior\BuildLiteBehavior [ RunTime:0.000000s ]
INFO: [ app_init ] --END-- [ RunTime:0.000000s ]
INFO: [ app_begin ] --START--
INFO: Run Behavior\ReadHtmlCacheBehavior [ RunTime:0.001000s ]
INFO: [ app_begin ] --END-- [ RunTime:0.001000s ]
SQL: SHOW COLUMNS FROM `gd_menu` [ RunTime:0.0020s ]
SQL: SELECT * FROM `gd_menu` WHERE `rid` = 0 ORDER BY sort asc  [ RunTime:0.0000s ]
SQL: SELECT * FROM `gd_menu` WHERE `rid` IN ('1','3','5','9','11','13','7')  [ RunTime:0.0000s ]
SQL: SELECT * FROM `gd_menu` WHERE `rid` = 0 ORDER BY sort asc  [ RunTime:0.0000s ]
INFO: [ view_parse ] --START--
INFO: [ template_filter ] --START--
INFO: Run Behavior\ContentReplaceBehavior [ RunTime:0.000000s ]
INFO: [ template_filter ] --END-- [ RunTime:0.000000s ]
NOTIC: [8] Undefined variable: lis F:\xampp\htdocs\gd222\Application\Runtime\Cache\Admin\b956215329b6f9aca22277599a4efdfc.php 第 35 行.
NOTIC: [8] Undefined variable: lis F:\xampp\htdocs\gd222\Application\Runtime\Cache\Admin\b956215329b6f9aca22277599a4efdfc.php 第 44 行.
NOTIC: [8] Undefined variable: lis F:\xampp\htdocs\gd222\Application\Runtime\Cache\Admin\b956215329b6f9aca22277599a4efdfc.php 第 52 行.
NOTIC: [8] Undefined variable: lis F:\xampp\htdocs\gd222\Application\Runtime\Cache\Admin\b956215329b6f9aca22277599a4efdfc.php 第 54 行.
NOTIC: [8] Undefined variable: lis F:\xampp\htdocs\gd222\Application\Runtime\Cache\Admin\b956215329b6f9aca22277599a4efdfc.php 第 52 行.
NOTIC: [8] Undefined variable: lis F:\xampp\htdocs\gd222\Application\Runtime\Cache\Admin\b956215329b6f9aca22277599a4efdfc.php 第 54 行.
NOTIC: [8] Undefined variable: lis F:\xampp\htdocs\gd222\Application\Runtime\Cache\Admin\b956215329b6f9aca22277599a4efdfc.php 第 52 行.
NOTIC: [8] Undefined variable: lis F:\xampp\htdocs\gd222\Application\Runtime\Cache\Admin\b956215329b6f9aca22277599a4efdfc.php 第 54 行.
NOTIC: [8] Undefined variable: lis F:\xampp\htdocs\gd222\Application\Runtime\Cache\Admin\b956215329b6f9aca22277599a4efdfc.php 第 52 行.
NOTIC: [8] Undefined variable: lis F:\xampp\htdocs\gd222\Application\Runtime\Cache\Admin\b956215329b6f9aca22277599a4efdfc.php 第 54 行.
NOTIC: [8] Undefined variable: lis F:\xampp\htdocs\gd222\Application\Runtime\Cache\Admin\b956215329b6f9aca22277599a4efdfc.php 第 52 行.
NOTIC: [8] Undefined variable: lis F:\xampp\htdocs\gd222\Application\Runtime\Cache\Admin\b956215329b6f9aca22277599a4efdfc.php 第 54 行.
NOTIC: [8] Undefined variable: lis F:\xampp\htdocs\gd222\Application\Runtime\Cache\Admin\b956215329b6f9aca22277599a4efdfc.php 第 52 行.
NOTIC: [8] Undefined variable: lis F:\xampp\htdocs\gd222\Application\Runtime\Cache\Admin\b956215329b6f9aca22277599a4efdfc.php 第 54 行.
NOTIC: [8] Undefined variable: lis F:\xampp\htdocs\gd222\Application\Runtime\Cache\Admin\b956215329b6f9aca22277599a4efdfc.php 第 52 行.
NOTIC: [8] Undefined variable: lis F:\xampp\htdocs\gd222\Application\Runtime\Cache\Admin\b956215329b6f9aca22277599a4efdfc.php 第 54 行.
NOTIC: [8] Undefined variable: page F:\xampp\htdocs\gd222\Application\Runtime\Cache\Admin\b956215329b6f9aca22277599a4efdfc.php 第 69 行.
NOTIC: [8] Undefined index: title F:\xampp\htdocs\gd222\Application\Runtime\Cache\Admin\b956215329b6f9aca22277599a4efdfc.php 第 82 行.
NOTIC: [8] Undefined index: id F:\xampp\htdocs\gd222\Application\Runtime\Cache\Admin\b956215329b6f9aca22277599a4efdfc.php 第 83 行.
NOTIC: [8] Undefined index: id F:\xampp\htdocs\gd222\Application\Runtime\Cache\Admin\b956215329b6f9aca22277599a4efdfc.php 第 83 行.
NOTIC: [8] Undefined index: id F:\xampp\htdocs\gd222\Application\Runtime\Cache\Admin\b956215329b6f9aca22277599a4efdfc.php 第 83 行.
NOTIC: [8] Undefined index: id F:\xampp\htdocs\gd222\Application\Runtime\Cache\Admin\b956215329b6f9aca22277599a4efdfc.php 第 83 行.
NOTIC: [8] Undefined index: id F:\xampp\htdocs\gd222\Application\Runtime\Cache\Admin\b956215329b6f9aca22277599a4efdfc.php 第 83 行.
NOTIC: [8] Undefined index: id F:\xampp\htdocs\gd222\Application\Runtime\Cache\Admin\b956215329b6f9aca22277599a4efdfc.php 第 83 行.
NOTIC: [8] Undefined index: id F:\xampp\htdocs\gd222\Application\Runtime\Cache\Admin\b956215329b6f9aca22277599a4efdfc.php 第 83 行.
INFO: Run Behavior\ParseTemplateBehavior [ RunTime:0.035002s ]
INFO: [ view_parse ] --END-- [ RunTime:0.035002s ]
INFO: [ view_filter ] --START--
INFO: Run Behavior\WriteHtmlCacheBehavior [ RunTime:0.000000s ]
INFO: Run Behavior\TokenBuildBehavior [ RunTime:0.002000s ]
INFO: [ view_filter ] --END-- [ RunTime:0.002000s ]
INFO: [ app_end ] --START--
INFO: Run Behavior\ShowPageTraceBehavior [ RunTime:0.001000s ]
INFO: [ app_end ] --END-- [ RunTime:0.001000s ]

